<?xml version="1.0" encoding="UTF-8"?>
<!-- Generated by org.testng.reporters.JUnitReportReporter -->
<testsuite hostname="Himanshu" failures="0" tests="4" name="Execution.Runner" time="66.495" errors="0" timestamp="2024-03-20T16:53:43 IST" skipped="0">
  <testcase classname="Execution.Runner" name="runScenario" time="10.260"/>
  <system-out/>
  <testcase classname="Execution.Runner" name="runScenario" time="5.661"/>
  <system-out/>
  <testcase classname="Execution.Runner" name="runScenario" time="24.915"/>
  <system-out/>
  <testcase classname="Execution.Runner" name="runScenario" time="25.659"/>
  <system-out/>
</testsuite> <!-- Execution.Runner -->
