<?xml version="1.0" encoding="UTF-8"?>
<!-- Generated by org.testng.reporters.JUnitReportReporter -->
<testsuite hostname="Himanshu" failures="0" tests="4" name="Execution.Runner" time="153.319" errors="0" timestamp="2024-03-20T10:35:10 IST" skipped="0">
  <testcase classname="Execution.Runner" name="runScenario" time="53.104"/>
  <system-out/>
  <testcase classname="Execution.Runner" name="runScenario" time="44.761"/>
  <system-out/>
  <testcase classname="Execution.Runner" name="runScenario" time="12.186"/>
  <system-out/>
  <testcase classname="Execution.Runner" name="runScenario" time="43.268"/>
  <system-out/>
</testsuite> <!-- Execution.Runner -->
