<?xml version="1.0" encoding="UTF-8"?>
<!-- Generated by org.testng.reporters.JUnitReportReporter -->
<testsuite hostname="Himanshu" failures="0" tests="4" name="Execution.Runner" time="171.792" errors="0" timestamp="2024-03-20T10:25:09 IST" skipped="0">
  <testcase classname="Execution.Runner" name="runScenario" time="31.213"/>
  <system-out/>
  <testcase classname="Execution.Runner" name="runScenario" time="4.774"/>
  <system-out/>
  <testcase classname="Execution.Runner" name="runScenario" time="60.501"/>
  <system-out/>
  <testcase classname="Execution.Runner" name="runScenario" time="75.304"/>
  <system-out/>
</testsuite> <!-- Execution.Runner -->
